+ PROJECT_DIR=/home/gtxr/gtxr-picamera
+ TOP_LOG_DIR=/home/gtxr/gtxr-picamera/toplog.log
+ cd /home/gtxr/gtxr-picamera
+ source picamvenv/bin/activate
++ deactivate nondestructive
++ '[' -n '' ']'
++ '[' -n '' ']'
++ '[' -n /bin/bash -o -n '' ']'
++ hash -r
++ '[' -n '' ']'
++ unset VIRTUAL_ENV
++ unset VIRTUAL_ENV_PROMPT
++ '[' '!' nondestructive = nondestructive ']'
++ VIRTUAL_ENV=/home/gtxr/gtxr-picamera/picamvenv
++ export VIRTUAL_ENV
++ _OLD_VIRTUAL_PATH=/home/gtxr/gtxr-picamera/picamvenv/bin:/usr/local/sbin:/usr/local/bin:/usr/sbin:/usr/bin:/sbin:/bin:/usr/local/games:/usr/games
++ PATH=/home/gtxr/gtxr-picamera/picamvenv/bin:/home/gtxr/gtxr-picamera/picamvenv/bin:/usr/local/sbin:/usr/local/bin:/usr/sbin:/usr/bin:/sbin:/bin:/usr/local/games:/usr/games
++ export PATH
++ '[' -n '' ']'
++ '[' -z '' ']'
++ _OLD_VIRTUAL_PS1=
++ PS1='(picamvenv) '
++ export PS1
++ VIRTUAL_ENV_PROMPT='(picamvenv) '
++ export VIRTUAL_ENV_PROMPT
++ '[' -n /bin/bash -o -n '' ']'
++ hash -r
+ sudo python -u task_manager.py
Traceback (most recent call last):
  File "/home/gtxr/gtxr-picamera/task_manager.py", line 6, in <module>
    import gt_packet
  File "/home/gtxr/gtxr-picamera/gt_packet.py", line 1, in <module>
    import serial
ModuleNotFoundError: No module named 'serial'
